# JRE version: 7.0_09-b05
# Java VM: Java HotSpot(TM) 64-Bit Server VM (23.5-b02 mixed mode windows-amd64 compressed oops)
Heap
 PSYoungGen      total 76160K, used 12095K [0x00000007d5cb0000, 0x00000007db310000, 0x0000000800000000)
  eden space 64896K, 8% used [0x00000007d5cb0000,0x00000007d61dca08,0x00000007d9c10000)
  from space 11264K, 60% used [0x00000007da810000,0x00000007daeb32b0,0x00000007db310000)
  to   space 11776K, 0% used [0x00000007d9c10000,0x00000007d9c10000,0x00000007da790000)
 ParOldGen       total 86400K, used 12010K [0x0000000781600000, 0x0000000786a60000, 0x00000007d5cb0000)
  object space 86400K, 13% used [0x0000000781600000,0x00000007821babe0,0x0000000786a60000)
 PSPermGen       total 21248K, used 18586K [0x000000077c400000, 0x000000077d8c0000, 0x0000000781600000)
  object space 21248K, 87% used [0x000000077c400000,0x000000077d626bf8,0x000000077d8c0000)
GC Heap History (10 events):
Event: 1.306 GC heap before
{Heap before GC invocations=2 (full 0):
 PSYoungGen      total 37824K, used 37453K [0x00000007d5cb0000, 0x00000007d86e0000, 0x0000000800000000)
  eden space 32448K, 100% used [0x00000007d5cb0000,0x00000007d7c60000,0x00000007d7c60000)
  from space 5376K, 93% used [0x00000007d7c60000,0x00000007d8143440,0x00000007d81a0000)
  to   space 5376K, 0% used [0x00000007d81a0000,0x00000007d81a0000,0x00000007d86e0000)
 ParOldGen       total 86400K, used 8K [0x0000000781600000, 0x0000000786a60000, 0x00000007d5cb0000)
  object space 86400K, 0% used [0x0000000781600000,0x0000000781602000,0x0000000786a60000)
 PSPermGen       total 21248K, used 12459K [0x000000077c400000, 0x000000077d8c0000, 0x0000000781600000)
  object space 21248K, 58% used [0x000000077c400000,0x000000077d02adc0,0x000000077d8c0000)
Event: 1.312 GC heap after
Heap after GC invocations=2 (full 0):
 PSYoungGen      total 37824K, used 5372K [0x00000007d5cb0000, 0x00000007d86e0000, 0x0000000800000000)
  eden space 32448K, 0% used [0x00000007d5cb0000,0x00000007d5cb0000,0x00000007d7c60000)
  from space 5376K, 99% used [0x00000007d81a0000,0x00000007d86df338,0x00000007d86e0000)
  to   space 5376K, 0% used [0x00000007d7c60000,0x00000007d7c60000,0x00000007d81a0000)
 ParOldGen       total 86400K, used 1496K [0x0000000781600000, 0x0000000786a60000, 0x00000007d5cb0000)
  object space 86400K, 1% used [0x0000000781600000,0x00000007817763f0,0x0000000786a60000)
 PSPermGen       total 21248K, used 12459K [0x000000077c400000, 0x000000077d8c0000, 0x0000000781600000)
  object space 21248K, 58% used [0x000000077c400000,0x000000077d02adc0,0x000000077d8c0000)
}
Event: 1.788 GC heap before
{Heap before GC invocations=3 (full 0):
 PSYoungGen      total 37824K, used 37820K [0x00000007d5cb0000, 0x00000007d86e0000, 0x0000000800000000)
  eden space 32448K, 100% used [0x00000007d5cb0000,0x00000007d7c60000,0x00000007d7c60000)
  from space 5376K, 99% used [0x00000007d81a0000,0x00000007d86df338,0x00000007d86e0000)
  to   space 5376K, 0% used [0x00000007d7c60000,0x00000007d7c60000,0x00000007d81a0000)
 ParOldGen       total 86400K, used 1496K [0x0000000781600000, 0x0000000786a60000, 0x00000007d5cb0000)
  object space 86400K, 1% used [0x0000000781600000,0x00000007817763f0,0x0000000786a60000)
 PSPermGen       total 21248K, used 13022K [0x000000077c400000, 0x000000077d8c0000, 0x0000000781600000)
  object space 21248K, 61% used [0x000000077c400000,0x000000077d0b7970,0x000000077d8c0000)
Event: 1.793 GC heap after
Heap after GC invocations=3 (full 0):
 PSYoungGen      total 37824K, used 5375K [0x00000007d5cb0000, 0x00000007d86e0000, 0x0000000800000000)
  eden space 32448K, 0% used [0x00000007d5cb0000,0x00000007d5cb0000,0x00000007d7c60000)
  from space 5376K, 99% used [0x00000007d7c60000,0x00000007d819fd18,0x00000007d81a0000)
  to   space 5376K, 0% used [0x00000007d81a0000,0x00000007d81a0000,0x00000007d86e0000)
 ParOldGen       total 86400K, used 2006K [0x0000000781600000, 0x0000000786a60000, 0x00000007d5cb0000)
  object space 86400K, 2% used [0x0000000781600000,0x00000007817f5838,0x0000000786a60000)
 PSPermGen       total 21248K, used 13022K [0x000000077c400000, 0x000000077d8c0000, 0x0000000781600000)
  object space 21248K, 61% used [0x000000077c400000,0x000000077d0b7970,0x000000077d8c0000)
}
Event: 2.216 GC heap before
{Heap before GC invocations=4 (full 0):
 PSYoungGen      total 37824K, used 37823K [0x00000007d5cb0000, 0x00000007d86e0000, 0x0000000800000000)
  eden space 32448K, 100% used [0x00000007d5cb0000,0x00000007d7c60000,0x00000007d7c60000)
  from space 5376K, 99% used [0x00000007d7c60000,0x00000007d819fd18,0x00000007d81a0000)
  to   space 5376K, 0% used [0x00000007d81a0000,0x00000007d81a0000,0x00000007d86e0000)
 ParOldGen       total 86400K, used 2006K [0x0000000781600000, 0x0000000786a60000, 0x00000007d5cb0000)
  object space 86400K, 2% used [0x0000000781600000,0x00000007817f5838,0x0000000786a60000)
 PSPermGen       total 21248K, used 14892K [0x000000077c400000, 0x000000077d8c0000, 0x0000000781600000)
  object space 21248K, 70% used [0x000000077c400000,0x000000077d28b3b0,0x000000077d8c0000)
Event: 2.222 GC heap after
Heap after GC invocations=4 (full 0):
 PSYoungGen      total 37824K, used 5344K [0x00000007d5cb0000, 0x00000007da690000, 0x0000000800000000)
  eden space 32448K, 0% used [0x00000007d5cb0000,0x00000007d5cb0000,0x00000007d7c60000)
  from space 5376K, 99% used [0x00000007d81a0000,0x00000007d86d8020,0x00000007d86e0000)
  to   space 5376K, 0% used [0x00000007d7c60000,0x00000007d7c60000,0x00000007d81a0000)
 ParOldGen       total 86400K, used 4226K [0x0000000781600000, 0x0000000786a60000, 0x00000007d5cb0000)
  object space 86400K, 4% used [0x0000000781600000,0x0000000781a20910,0x0000000786a60000)
 PSPermGen       total 21248K, used 14892K [0x000000077c400000, 0x000000077d8c0000, 0x0000000781600000)
  object space 21248K, 70% used [0x000000077c400000,0x000000077d28b3b0,0x000000077d8c0000)
}
Event: 2.890 GC heap before
{Heap before GC invocations=5 (full 0):
 PSYoungGen      total 37824K, used 37792K [0x00000007d5cb0000, 0x00000007da690000, 0x0000000800000000)
  eden space 32448K, 100% used [0x00000007d5cb0000,0x00000007d7c60000,0x00000007d7c60000)
  from space 5376K, 99% used [0x00000007d81a0000,0x00000007d86d8020,0x00000007d86e0000)
  to   space 5376K, 0% used [0x00000007d7c60000,0x00000007d7c60000,0x00000007d81a0000)
 ParOldGen       total 86400K, used 4226K [0x0000000781600000, 0x0000000786a60000, 0x00000007d5cb0000)
  object space 86400K, 4% used [0x0000000781600000,0x0000000781a20910,0x0000000786a60000)
 PSPermGen       total 21248K, used 17523K [0x000000077c400000, 0x000000077d8c0000, 0x0000000781600000)
  object space 21248K, 82% used [0x000000077c400000,0x000000077d51cca0,0x000000077d8c0000)
Event: 2.898 GC heap after
Heap after GC invocations=5 (full 0):
 PSYoungGen      total 37824K, used 5362K [0x00000007d5cb0000, 0x00000007db410000, 0x0000000800000000)
  eden space 32448K, 0% used [0x00000007d5cb0000,0x00000007d5cb0000,0x00000007d7c60000)
  from space 5376K, 99% used [0x00000007d7c60000,0x00000007d819cb58,0x00000007d81a0000)
  to   space 12288K, 0% used [0x00000007da810000,0x00000007da810000,0x00000007db410000)
 ParOldGen       total 86400K, used 12002K [0x0000000781600000, 0x0000000786a60000, 0x00000007d5cb0000)
  object space 86400K, 13% used [0x0000000781600000,0x00000007821b8be0,0x0000000786a60000)
 PSPermGen       total 21248K, used 17523K [0x000000077c400000, 0x000000077d8c0000, 0x0000000781600000)
  object space 21248K, 82% used [0x000000077c400000,0x000000077d51cca0,0x000000077d8c0000)
}
Event: 3.432 GC heap before
{Heap before GC invocations=6 (full 0):
 PSYoungGen      total 37824K, used 37810K [0x00000007d5cb0000, 0x00000007db410000, 0x0000000800000000)
  eden space 32448K, 100% used [0x00000007d5cb0000,0x00000007d7c60000,0x00000007d7c60000)
  from space 5376K, 99% used [0x00000007d7c60000,0x00000007d819cb58,0x00000007d81a0000)
  to   space 12288K, 0% used [0x00000007da810000,0x00000007da810000,0x00000007db410000)
 ParOldGen       total 86400K, used 12002K [0x0000000781600000, 0x0000000786a60000, 0x00000007d5cb0000)
  object space 86400K, 13% used [0x0000000781600000,0x00000007821b8be0,0x0000000786a60000)
 PSPermGen       total 21248K, used 18023K [0x000000077c400000, 0x000000077d8c0000, 0x0000000781600000)
  object space 21248K, 84% used [0x000000077c400000,0x000000077d599d40,0x000000077d8c0000)
Event: 3.439 GC heap after
Heap after GC invocations=6 (full 0):
 PSYoungGen      total 76160K, used 6796K [0x00000007d5cb0000, 0x00000007db310000, 0x0000000800000000)
  eden space 64896K, 0% used [0x00000007d5cb0000,0x00000007d5cb0000,0x00000007d9c10000)
  from space 11264K, 60% used [0x00000007da810000,0x00000007daeb32b0,0x00000007db310000)
  to   space 11776K, 0% used [0x00000007d9c10000,0x00000007d9c10000,0x00000007da790000)
 ParOldGen       total 86400K, used 12010K [0x0000000781600000, 0x0000000786a60000, 0x00000007d5cb0000)
  object space 86400K, 13% used [0x0000000781600000,0x00000007821babe0,0x0000000786a60000)
 PSPermGen       total 21248K, used 18023K [0x000000077c400000, 0x000000077d8c0000, 0x0000000781600000)
  object space 21248K, 84% used [0x000000077c400000,0x000000077d599d40,0x000000077d8c0000)
}

