# JRE version: 7.0_09-b05
# Java VM: Java HotSpot(TM) 64-Bit Server VM (23.5-b02 mixed mode windows-amd64 compressed oops)
Heap
 PSYoungGen      total 77312K, used 40485K [0x00000007d5cb0000, 0x00000007dfaf0000, 0x0000000800000000)
  eden space 64576K, 42% used [0x00000007d5cb0000,0x00000007d77ca578,0x00000007d9bc0000)
  from space 12736K, 99% used [0x00000007d9bc0000,0x00000007da82f200,0x00000007da830000)
  to   space 16448K, 0% used [0x00000007deae0000,0x00000007deae0000,0x00000007dfaf0000)
 ParOldGen       total 86400K, used 16254K [0x0000000781600000, 0x0000000786a60000, 0x00000007d5cb0000)
  object space 86400K, 18% used [0x0000000781600000,0x00000007825dfb08,0x0000000786a60000)
 PSPermGen       total 23360K, used 23356K [0x000000077c400000, 0x000000077dad0000, 0x0000000781600000)
  object space 23360K, 99% used [0x000000077c400000,0x000000077dacf328,0x000000077dad0000)
GC Heap History (10 events):
Event: 1.854 GC heap before
{Heap before GC invocations=3 (full 0):
 PSYoungGen      total 37824K, used 37807K [0x00000007d5cb0000, 0x00000007d86e0000, 0x0000000800000000)
  eden space 32448K, 100% used [0x00000007d5cb0000,0x00000007d7c60000,0x00000007d7c60000)
  from space 5376K, 99% used [0x00000007d81a0000,0x00000007d86dbc40,0x00000007d86e0000)
  to   space 5376K, 0% used [0x00000007d7c60000,0x00000007d7c60000,0x00000007d81a0000)
 ParOldGen       total 86400K, used 1654K [0x0000000781600000, 0x0000000786a60000, 0x00000007d5cb0000)
  object space 86400K, 1% used [0x0000000781600000,0x000000078179db78,0x0000000786a60000)
 PSPermGen       total 21248K, used 13022K [0x000000077c400000, 0x000000077d8c0000, 0x0000000781600000)
  object space 21248K, 61% used [0x000000077c400000,0x000000077d0b7b18,0x000000077d8c0000)
Event: 1.859 GC heap after
Heap after GC invocations=3 (full 0):
 PSYoungGen      total 37824K, used 5349K [0x00000007d5cb0000, 0x00000007d86e0000, 0x0000000800000000)
  eden space 32448K, 0% used [0x00000007d5cb0000,0x00000007d5cb0000,0x00000007d7c60000)
  from space 5376K, 99% used [0x00000007d7c60000,0x00000007d8199518,0x00000007d81a0000)
  to   space 5376K, 0% used [0x00000007d81a0000,0x00000007d81a0000,0x00000007d86e0000)
 ParOldGen       total 86400K, used 2253K [0x0000000781600000, 0x0000000786a60000, 0x00000007d5cb0000)
  object space 86400K, 2% used [0x0000000781600000,0x0000000781833708,0x0000000786a60000)
 PSPermGen       total 21248K, used 13022K [0x000000077c400000, 0x000000077d8c0000, 0x0000000781600000)
  object space 21248K, 61% used [0x000000077c400000,0x000000077d0b7b18,0x000000077d8c0000)
}
Event: 2.241 GC heap before
{Heap before GC invocations=4 (full 0):
 PSYoungGen      total 37824K, used 37797K [0x00000007d5cb0000, 0x00000007d86e0000, 0x0000000800000000)
  eden space 32448K, 100% used [0x00000007d5cb0000,0x00000007d7c60000,0x00000007d7c60000)
  from space 5376K, 99% used [0x00000007d7c60000,0x00000007d8199518,0x00000007d81a0000)
  to   space 5376K, 0% used [0x00000007d81a0000,0x00000007d81a0000,0x00000007d86e0000)
 ParOldGen       total 86400K, used 2253K [0x0000000781600000, 0x0000000786a60000, 0x00000007d5cb0000)
  object space 86400K, 2% used [0x0000000781600000,0x0000000781833708,0x0000000786a60000)
 PSPermGen       total 21248K, used 13677K [0x000000077c400000, 0x000000077d8c0000, 0x0000000781600000)
  object space 21248K, 64% used [0x000000077c400000,0x000000077d15b4f0,0x000000077d8c0000)
Event: 2.247 GC heap after
Heap after GC invocations=4 (full 0):
 PSYoungGen      total 37824K, used 5376K [0x00000007d5cb0000, 0x00000007d86e0000, 0x0000000800000000)
  eden space 32448K, 0% used [0x00000007d5cb0000,0x00000007d5cb0000,0x00000007d7c60000)
  from space 5376K, 100% used [0x00000007d81a0000,0x00000007d86e0000,0x00000007d86e0000)
  to   space 5376K, 0% used [0x00000007d7c60000,0x00000007d7c60000,0x00000007d81a0000)
 ParOldGen       total 86400K, used 4014K [0x0000000781600000, 0x0000000786a60000, 0x00000007d5cb0000)
  object space 86400K, 4% used [0x0000000781600000,0x00000007819eb940,0x0000000786a60000)
 PSPermGen       total 21248K, used 13677K [0x000000077c400000, 0x000000077d8c0000, 0x0000000781600000)
  object space 21248K, 64% used [0x000000077c400000,0x000000077d15b4f0,0x000000077d8c0000)
}
Event: 2.752 GC heap before
{Heap before GC invocations=5 (full 0):
 PSYoungGen      total 37824K, used 37824K [0x00000007d5cb0000, 0x00000007d86e0000, 0x0000000800000000)
  eden space 32448K, 100% used [0x00000007d5cb0000,0x00000007d7c60000,0x00000007d7c60000)
  from space 5376K, 100% used [0x00000007d81a0000,0x00000007d86e0000,0x00000007d86e0000)
  to   space 5376K, 0% used [0x00000007d7c60000,0x00000007d7c60000,0x00000007d81a0000)
 ParOldGen       total 86400K, used 4014K [0x0000000781600000, 0x0000000786a60000, 0x00000007d5cb0000)
  object space 86400K, 4% used [0x0000000781600000,0x00000007819eb940,0x0000000786a60000)
 PSPermGen       total 21248K, used 17178K [0x000000077c400000, 0x000000077d8c0000, 0x0000000781600000)
  object space 21248K, 80% used [0x000000077c400000,0x000000077d4c69d0,0x000000077d8c0000)
Event: 2.760 GC heap after
Heap after GC invocations=5 (full 0):
 PSYoungGen      total 37824K, used 5344K [0x00000007d5cb0000, 0x00000007db450000, 0x0000000800000000)
  eden space 32448K, 0% used [0x00000007d5cb0000,0x00000007d5cb0000,0x00000007d7c60000)
  from space 5376K, 99% used [0x00000007d7c60000,0x00000007d8198020,0x00000007d81a0000)
  to   space 12416K, 0% used [0x00000007da830000,0x00000007da830000,0x00000007db450000)
 ParOldGen       total 86400K, used 12229K [0x0000000781600000, 0x0000000786a60000, 0x00000007d5cb0000)
  object space 86400K, 14% used [0x0000000781600000,0x00000007821f1430,0x0000000786a60000)
 PSPermGen       total 21248K, used 17178K [0x000000077c400000, 0x000000077d8c0000, 0x0000000781600000)
  object space 21248K, 80% used [0x000000077c400000,0x000000077d4c69d0,0x000000077d8c0000)
}
Event: 3.898 GC heap before
{Heap before GC invocations=6 (full 0):
 PSYoungGen      total 37824K, used 37792K [0x00000007d5cb0000, 0x00000007db450000, 0x0000000800000000)
  eden space 32448K, 100% used [0x00000007d5cb0000,0x00000007d7c60000,0x00000007d7c60000)
  from space 5376K, 99% used [0x00000007d7c60000,0x00000007d8198020,0x00000007d81a0000)
  to   space 12416K, 0% used [0x00000007da830000,0x00000007da830000,0x00000007db450000)
 ParOldGen       total 86400K, used 12229K [0x0000000781600000, 0x0000000786a60000, 0x00000007d5cb0000)
  object space 86400K, 14% used [0x0000000781600000,0x00000007821f1430,0x0000000786a60000)
 PSPermGen       total 21248K, used 18010K [0x000000077c400000, 0x000000077d8c0000, 0x0000000781600000)
  object space 21248K, 84% used [0x000000077c400000,0x000000077d596898,0x000000077d8c0000)
Event: 3.911 GC heap after
Heap after GC invocations=6 (full 0):
 PSYoungGen      total 76992K, used 9620K [0x00000007d5cb0000, 0x00000007db4f0000, 0x0000000800000000)
  eden space 64576K, 0% used [0x00000007d5cb0000,0x00000007d5cb0000,0x00000007d9bc0000)
  from space 12416K, 77% used [0x00000007da830000,0x00000007db195118,0x00000007db450000)
  to   space 12736K, 0% used [0x00000007d9bc0000,0x00000007d9bc0000,0x00000007da830000)
 ParOldGen       total 86400K, used 12237K [0x0000000781600000, 0x0000000786a60000, 0x00000007d5cb0000)
  object space 86400K, 14% used [0x0000000781600000,0x00000007821f3430,0x0000000786a60000)
 PSPermGen       total 21248K, used 18010K [0x000000077c400000, 0x000000077d8c0000, 0x0000000781600000)
  object space 21248K, 84% used [0x000000077c400000,0x000000077d596898,0x000000077d8c0000)
}
Event: 4.692 GC heap before
{Heap before GC invocations=7 (full 0):
 PSYoungGen      total 76992K, used 74196K [0x00000007d5cb0000, 0x00000007db4f0000, 0x0000000800000000)
  eden space 64576K, 100% used [0x00000007d5cb0000,0x00000007d9bc0000,0x00000007d9bc0000)
  from space 12416K, 77% used [0x00000007da830000,0x00000007db195118,0x00000007db450000)
  to   space 12736K, 0% used [0x00000007d9bc0000,0x00000007d9bc0000,0x00000007da830000)
 ParOldGen       total 86400K, used 12237K [0x0000000781600000, 0x0000000786a60000, 0x00000007d5cb0000)
  object space 86400K, 14% used [0x0000000781600000,0x00000007821f3430,0x0000000786a60000)
 PSPermGen       total 22784K, used 22663K [0x000000077c400000, 0x000000077da40000, 0x0000000781600000)
  object space 22784K, 99% used [0x000000077c400000,0x000000077da21dd0,0x000000077da40000)
Event: 4.708 GC heap after
Heap after GC invocations=7 (full 0):
 PSYoungGen      total 77312K, used 12732K [0x00000007d5cb0000, 0x00000007dfaf0000, 0x0000000800000000)
  eden space 64576K, 0% used [0x00000007d5cb0000,0x00000007d5cb0000,0x00000007d9bc0000)
  from space 12736K, 99% used [0x00000007d9bc0000,0x00000007da82f200,0x00000007da830000)
  to   space 16448K, 0% used [0x00000007deae0000,0x00000007deae0000,0x00000007dfaf0000)
 ParOldGen       total 86400K, used 16254K [0x0000000781600000, 0x0000000786a60000, 0x00000007d5cb0000)
  object space 86400K, 18% used [0x0000000781600000,0x00000007825dfb08,0x0000000786a60000)
 PSPermGen       total 22784K, used 22663K [0x000000077c400000, 0x000000077da40000, 0x0000000781600000)
  object space 22784K, 99% used [0x000000077c400000,0x000000077da21dd0,0x000000077da40000)
}

